<?xml version="1.0" encoding="UTF-8"?>
<!-- Generated by org.testng.reporters.JUnitReportReporter -->
<testsuite name="com.ww.testCases.TC_0004_Select_First_Studio_Location" tests="1" time="32.676" ignored="0" failures="0" timestamp="22 Sep 2019 09:43:14 GMT" skipped="0" hostname="Pranavs-MBP" errors="0">
  <testcase name="select_First_Studio_Location" time="32.676" classname="com.ww.testCases.TC_0004_Select_First_Studio_Location"/>
</testsuite> <!-- com.ww.testCases.TC_0004_Select_First_Studio_Location -->
