<?xml version="1.0" encoding="UTF-8"?>
<!-- Generated by org.testng.reporters.JUnitReportReporter -->
<testsuite name="com.ww.testCases.TC_0001_Get_WWHomePage_US" tests="1" time="31.511" ignored="0" failures="0" timestamp="22 Sep 2019 09:43:14 GMT" skipped="0" hostname="Pranavs-MBP" errors="0">
  <testcase name="navigate_WWPage_US" time="31.511" classname="com.ww.testCases.TC_0001_Get_WWHomePage_US"/>
</testsuite> <!-- com.ww.testCases.TC_0001_Get_WWHomePage_US -->
