<?xml version="1.0" encoding="UTF-8"?>
<!-- Generated by org.testng.reporters.JUnitReportReporter -->
<testsuite name="com.ww.testCases.TC_0001" tests="1" time="16.259" ignored="0" failures="0" timestamp="19 Sep 2019 01:16:35 GMT" skipped="0" hostname="Pranavs-MBP" errors="0">
  <testcase name="navigate_WWPage_US" time="16.259" classname="com.ww.testCases.TC_0001"/>
</testsuite> <!-- com.ww.testCases.TC_0001 -->
