<?xml version="1.0" encoding="UTF-8"?>
<!-- Generated by org.testng.reporters.JUnitReportReporter -->
<testsuite name="com.ww.testCases.TC_0005_Get_Studio_Hours_Of_Operations" tests="1" time="39.235" ignored="0" failures="0" timestamp="22 Sep 2019 09:43:14 GMT" skipped="0" hostname="Pranavs-MBP" errors="0">
  <testcase name="getHoursOfOperations" time="39.235" classname="com.ww.testCases.TC_0005_Get_Studio_Hours_Of_Operations"/>
</testsuite> <!-- com.ww.testCases.TC_0005_Get_Studio_Hours_Of_Operations -->
