<?xml version="1.0" encoding="UTF-8"?>
<!-- Generated by org.testng.reporters.JUnitReportReporter -->
<testsuite name="com.ww.testCases.TC_0002_Get_Search_Location_Page" tests="1" time="18.878" ignored="0" failures="0" timestamp="22 Sep 2019 09:43:14 GMT" skipped="0" hostname="Pranavs-MBP" errors="0">
  <testcase name="getSearchStudiosPage" time="18.878" classname="com.ww.testCases.TC_0002_Get_Search_Location_Page"/>
</testsuite> <!-- com.ww.testCases.TC_0002_Get_Search_Location_Page -->
